.title "Item Checkout History"
.category Circulation
.column bibid hidden
.column barcode_nmbr title="barcode" sort=barcode_nmbr
.column call_num sort=call_num
.column title sort=title func=biblio_link
.column author sort=author
.column mbrid hidden
.column member sort=member func=member_link
.column checkout sort=checkout
.column due sort=due
.parameters
.	string title
.	string call_num title='Call Number'
.	order_by default=title
.		item call_num expr='CONCAT(b.call_nmbr1, b.call_nmbr2, b.call_nmbr3)'
.		item title expr='CONCAT(b.title,b.title_remainder)'
.		item author expr='b.author'
.		item member expr='CONCAT(m.last_name, m.first_name)'
.		item checkout expr='s.status_begin_dt'
.		item due expr='s.due_back_dt'
.	end order_by
.end parameters
.sql
	SELECT b.bibid, c.barcode_nmbr AS barcode_nmbr, CONCAT_WS(  ' ', b.call_nmbr1, b.call_nmbr2, b.call_nmbr3 ) AS call_num, CONCAT( b.title,  ' ', IFNULL( b.title_remainder,  '' ) ) AS title, b.author, m.mbrid, CONCAT( m.last_name,  ', ', m.first_name ) AS member, s.status_begin_dt AS checkout, s.due_back_dt AS due
FROM biblio_status_hist s, biblio_copy c, member m, biblio b
WHERE s.mbrid = m.mbrid
AND b.bibid = ( 
SELECT bibid
FROM biblio
WHERE bibid = s.bibid ) 
AND c.barcode_nmbr = (
 SELECT barcode_nmbr 
FROM biblio_copy
WHERE mbrid = s.mbrid
AND copyid = s.copyid
AND bibid = s.bibid ) 
AND s.status_cd =  'out'
.if_set title
		AND CONCAT(b.title, ' ', IFNULL(b.title_remainder, '')) LIKE '%%%"title%%%'
.end if_set
.if_set call_num
		AND CONCAT_WS(' ', b.call_nmbr1, b.call_nmbr2, b.call_nmbr3) LIKE '%%%"call_num%%%'
.end if_set
.	order_by_expr
.end sql
